[13388:16400:0726/003938.435:WARNING:chrome_main_delegate.cc(742)] This is Chrome version 126.0.6478.127 (not a warning)
[13388:16400:0726/003938.577:INFO:chrome_browser_cloud_management_controller.cc(196)] No machine level policy manager exists.
[13388:16400:0726/003938.636:WARNING:browser_management_service.cc(128)] EnterpriseLogoUrl fetch failed with error code -1 and MIME type 
[13388:16400:0726/003941.240:INFO:CONSOLE(94)] "<link rel=preload> must have a valid `as` value", source: https://www.linkedin.com/login (94)
[13388:16400:0726/003941.240:INFO:CONSOLE(95)] "<link rel=preload> must have a valid `as` value", source: https://www.linkedin.com/login (95)
[13388:16400:0726/003941.240:INFO:CONSOLE(96)] "<link rel=preload> must have a valid `as` value", source: https://www.linkedin.com/login (96)
[13388:16400:0726/003941.240:INFO:CONSOLE(97)] "<link rel=preload> must have a valid `as` value", source: https://www.linkedin.com/login (97)
[13388:16400:0726/003941.241:INFO:CONSOLE(100)] "<link rel=preload> must have a valid `as` value", source: https://www.linkedin.com/login (100)
[13388:16400:0726/003941.241:INFO:CONSOLE(101)] "<link rel=preload> must have a valid `as` value", source: https://www.linkedin.com/login (101)
[12512:20908:0726/003941.581:INFO:peer_connection_dependency_factory.cc(709)] Running WebRTC with a combined Network and Worker thread.
[12512:20908:0726/003942.218:WARNING:codec.cc(515)] Explicitly added H264 constrained baseline to list of supported formats.
[12512:20908:0726/003942.749:WARNING:codec.cc(515)] Explicitly added H264 constrained baseline to list of supported formats.
[13388:16400:0726/003943.132:WARNING:capture_device_ranking.h(255)] Can't initialize the value of media.audio_input.user_preference_ranking because media.default_audio_capture_device isn't registered or is empty
[13388:16400:0726/003943.132:WARNING:capture_device_ranking.h(255)] Can't initialize the value of media.video_input.user_preference_ranking because media.default_video_capture_Device isn't registered or is empty
[13388:16400:0726/003943.132:WARNING:capture_device_ranking.h(255)] Can't initialize the value of media.audio_input.user_preference_ranking because media.default_audio_capture_device isn't registered or is empty
[13388:16400:0726/003943.132:WARNING:capture_device_ranking.h(255)] Can't initialize the value of media.video_input.user_preference_ranking because media.default_video_capture_Device isn't registered or is empty
[9532:18508:0726/003943.189:ERROR:socket_manager.cc(141)] Failed to resolve address for stun.l.google.com., errorcode: -105
[9532:18508:0726/003943.200:ERROR:socket_manager.cc(141)] Failed to resolve address for stun.l.google.com., errorcode: -105
[12512:17668:0726/003943.217:WARNING:stun_port.cc(460)] Port[218ac00:0:1:0:host:Net[any:0:0:0:x:x:x:x:x/0:Wildcard:id=0]]: StunPort: stun host lookup received error -1
[12512:17668:0726/003943.230:WARNING:stun_port.cc(460)] Port[218b400:0:1:0:host:Net[any:0:0:0:x:x:x:x:x/0:Wildcard:id=0]]: StunPort: stun host lookup received error -1
[13388:16400:0726/003944.360:INFO:CONSOLE(8)] "visitor.publishDestinations() result: Attempted to attach and load the destination publishing iframe through this API call. Result: The destination publishing iframe was attached and loaded successfully.", source: https://platform.linkedin.com/litms/utag/checkpoint-frontend/utag.js?cb=1721936100000 (8)
[13388:16400:0726/003944.360:INFO:CONSOLE(8)] "visitor.publishDestinations() result: The destination publishing iframe is already attached and loaded.", source: https://platform.linkedin.com/litms/utag/checkpoint-frontend/utag.js?cb=1721936100000 (8)
[13388:16400:0726/003945.294:INFO:CONSOLE(49)] "<link rel=preload> must have a valid `as` value", source: https://www.linkedin.com/checkpoint/challengesV2/AQHSB9a6A3fqoAAAAZDraBGEQFuItxLoF8p1PNlXAIB84m3k55SKi3jrgZHlRQaYSJUKgzEczcx5vr0wlHlfj3mAsuQbBl0ljA?ut=2_aaZ32l0XWrk1 (49)
[13388:16400:0726/003945.294:INFO:CONSOLE(50)] "<link rel=preload> must have a valid `as` value", source: https://www.linkedin.com/checkpoint/challengesV2/AQHSB9a6A3fqoAAAAZDraBGEQFuItxLoF8p1PNlXAIB84m3k55SKi3jrgZHlRQaYSJUKgzEczcx5vr0wlHlfj3mAsuQbBl0ljA?ut=2_aaZ32l0XWrk1 (50)
[13388:16400:0726/003945.822:INFO:CONSOLE(10)] "[object XMLHttpRequest]", source: https://static.licdn.com/sc/h/3y8qvupluece2c6633dl8qcdx (10)
[13388:16400:0726/004010.130:INFO:CONSOLE(106)] "Terminator datalet is not seen within 12000 ms.", source: https://static.licdn.com/aero-v1/sc/h/arstnpc48p729h01vdm9a2nac (106)
[13388:16400:0726/004018.315:INFO:CONSOLE(8)] "visitor.publishDestinations() result: Attempted to attach and load the destination publishing iframe through this API call. Result: The destination publishing iframe was attached and loaded successfully.", source: https://platform.linkedin.com/litms/utag/voyager-web-feed/utag.js?cb=1721936400000 (8)
[12512:20908:0726/004020.510:INFO:peer_connection_dependency_factory.cc(709)] Running WebRTC with a combined Network and Worker thread.
[12512:20908:0726/004020.511:WARNING:codec.cc(515)] Explicitly added H264 constrained baseline to list of supported formats.
[13388:16400:0726/004020.524:WARNING:capture_device_ranking.h(255)] Can't initialize the value of media.audio_input.user_preference_ranking because media.default_audio_capture_device isn't registered or is empty
[13388:16400:0726/004020.524:WARNING:capture_device_ranking.h(255)] Can't initialize the value of media.video_input.user_preference_ranking because media.default_video_capture_Device isn't registered or is empty
[9532:18508:0726/004020.680:ERROR:socket_manager.cc(141)] Failed to resolve address for stun.l.google.com., errorcode: -105
[12512:17668:0726/004020.682:WARNING:stun_port.cc(460)] Port[e0e9400:0:1:0:host:Net[any:0:0:0:x:x:x:x:x/0:Wildcard:id=0]]: StunPort: stun host lookup received error -1
[13388:16400:0726/004022.736:INFO:CONSOLE(2)] "Error", source: https://client.protechts.net/PXdOjV695v/main.min.js (2)
[9532:18508:0726/004023.072:WARNING:spdy_session.cc(2979)] Received HEADERS for invalid stream 5
[13388:16400:0726/004035.562:INFO:CONSOLE(84)] "Terminator datalet is not seen within 12000 ms.", source: https://static.licdn.com/aero-v1/sc/h/3v9ukye4yalw7vibc9vr92lrd (84)
[12512:17668:0726/004036.797:WARNING:webrtc_voice_engine.cc(683)] Attempting to stop aecdump when no audio processing module is present
[12512:17668:0726/004036.998:WARNING:webrtc_voice_engine.cc(683)] Attempting to stop aecdump when no audio processing module is present
[13388:16400:0726/004044.629:INFO:CONSOLE(8)] "visitor.publishDestinations() result: Attempted to attach and load the destination publishing iframe through this API call. Result: The destination publishing iframe was attached and loaded successfully.", source: https://platform.linkedin.com/litms/utag/campaign-manager-web/utag.js?cb=1721936400000 (8)
[13388:16400:0726/004045.447:INFO:CONSOLE(8)] "visitor.publishDestinations() result: The destination publishing iframe is already attached and loaded.", source: https://platform.linkedin.com/litms/utag/campaign-manager-web/utag.js?cb=1721936400000 (8)
[13388:16400:0726/004054.287:INFO:CONSOLE(8)] "visitor.publishDestinations() result: The destination publishing iframe is already attached and loaded.", source: https://platform.linkedin.com/litms/utag/campaign-manager-web/utag.js?cb=1721936400000 (8)
[13388:16400:0726/004102.306:INFO:CONSOLE(8)] "visitor.publishDestinations() result: The destination publishing iframe is already attached and loaded.", source: https://platform.linkedin.com/litms/utag/campaign-manager-web/utag.js?cb=1721936400000 (8)
[13388:16400:0726/004115.380:INFO:CONSOLE(8)] "visitor.publishDestinations() result: The destination publishing iframe is already attached and loaded.", source: https://platform.linkedin.com/litms/utag/campaign-manager-web/utag.js?cb=1721936400000 (8)
[13388:16400:0726/004206.204:INFO:CONSOLE(8)] "visitor.publishDestinations() result: The destination publishing iframe is already attached and loaded.", source: https://platform.linkedin.com/litms/utag/campaign-manager-web/utag.js?cb=1721936400000 (8)
[13388:16400:0726/004208.769:INFO:CONSOLE(21)] "Refused to execute inline script because it violates the following Content Security Policy directive: "script-src 'report-sample' 'sha256-6gLjSWp3GRKZCUFvRX5aGHtECD1wVRgJOJp7r0ZQjV0=' static.licdn.com static-exp1.licdn.com static-exp2.licdn.com static-exp3.licdn.com s.c.lnkd.licdn.com static-src.linkedin.com static-lcdn.licdn.com www.linkedin.com/sc/ www.linkedin.com/scds/ qprod.www.linkedin.com/sc/ www.linkedin.com/voyager/abp-detection.js piwik.corp.linkedin.com/piwik/piwik.js snap.licdn.com/li.lms-analytics/ platform.linkedin.com platform-akam.linkedin.com platform-ecst.linkedin.com platform-azur.linkedin.com www.googletagmanager.com/gtag/js". Either the 'unsafe-inline' keyword, a hash ('sha256-DatsFGoJ8gFkzzxo47Ou76WZ+3QBPOQHtBu9p9b3DhA='), or a nonce ('nonce-...') is required to enable inline execution.
", source: about:srcdoc (21)
[13388:16400:0726/004209.060:INFO:CONSOLE(2)] "Element with id: callToAction not found", source: https://static.licdn.com/aero-v1/sc/h/64gusp9k4a5cbceikq4hyombj (2)
[12512:21320:0726/004253.304:ERROR:command_buffer_proxy_impl.cc(325)] GPU state invalid after WaitForGetOffsetInRange.
[12512:21320:0726/004253.304:ERROR:command_buffer_proxy_impl.cc(132)] ContextResult::kTransientFailure: Failed to send GpuControl.CreateCommandBuffer.
[13388:16400:0726/004253.336:WARNING:pref_notifier_impl.cc(41)] Pref observer for media_router.cast_allow_all_ips found at shutdown.
